2021-05-28 10:26:44.159  INFO 13184 --- [main] c.b.BackyardcodersSpringReactApplication : Starting BackyardcodersSpringReactApplication using Java 15 on NB-Luca with PID 13184 (C:\Users\Luca Schädler\Spring-tooltworkspace\backyardcodersproject\target\classes started by Luca Schädler in C:\Users\Luca Schädler\Spring-tooltworkspace\backyardcodersproject)
2021-05-28 10:26:44.164  INFO 13184 --- [main] c.b.BackyardcodersSpringReactApplication : No active profile set, falling back to default profiles: default
2021-05-28 10:26:45.199  INFO 13184 --- [main] .s.d.r.c.RepositoryConfigurationDelegate : Bootstrapping Spring Data JPA repositories in DEFAULT mode.
2021-05-28 10:26:45.300  INFO 13184 --- [main] .s.d.r.c.RepositoryConfigurationDelegate : Finished Spring Data repository scanning in 85 ms. Found 3 JPA repository interfaces.
2021-05-28 10:26:46.688  INFO 13184 --- [main] o.s.b.w.embedded.tomcat.TomcatWebServer  : Tomcat initialized with port(s): 8080 (http)
2021-05-28 10:26:46.709  INFO 13184 --- [main] o.apache.catalina.core.StandardService   : Starting service [Tomcat]
2021-05-28 10:26:46.709  INFO 13184 --- [main] org.apache.catalina.core.StandardEngine  : Starting Servlet engine: [Apache Tomcat/9.0.45]
2021-05-28 10:26:47.079  INFO 13184 --- [main] o.a.c.c.C.[Tomcat].[localhost].[/]       : Initializing Spring embedded WebApplicationContext
2021-05-28 10:26:47.079  INFO 13184 --- [main] w.s.c.ServletWebServerApplicationContext : Root WebApplicationContext: initialization completed in 2814 ms
2021-05-28 10:26:47.267  INFO 13184 --- [main] com.zaxxer.hikari.HikariDataSource       : HikariPool-1 - Starting...
2021-05-28 10:26:48.031  INFO 13184 --- [main] com.zaxxer.hikari.HikariDataSource       : HikariPool-1 - Start completed.
2021-05-28 10:26:48.071  INFO 13184 --- [main] o.s.b.a.h2.H2ConsoleAutoConfiguration    : H2 console available at '/console'. Database available at 'jdbc:h2:file:./h2_database'
2021-05-28 10:26:48.579  INFO 13184 --- [main] o.hibernate.jpa.internal.util.LogHelper  : HHH000204: Processing PersistenceUnitInfo [name: default]
2021-05-28 10:26:48.776  INFO 13184 --- [main] org.hibernate.Version                    : HHH000412: Hibernate ORM core version 5.4.30.Final
2021-05-28 10:26:49.158  INFO 13184 --- [main] o.hibernate.annotations.common.Version   : HCANN000001: Hibernate Commons Annotations {5.1.2.Final}
2021-05-28 10:26:49.423  INFO 13184 --- [main] org.hibernate.dialect.Dialect            : HHH000400: Using dialect: org.hibernate.dialect.H2Dialect
2021-05-28 10:26:50.822  INFO 13184 --- [main] o.h.e.t.j.p.i.JtaPlatformInitiator       : HHH000490: Using JtaPlatform implementation: [org.hibernate.engine.transaction.jta.platform.internal.NoJtaPlatform]
2021-05-28 10:26:50.840  INFO 13184 --- [main] j.LocalContainerEntityManagerFactoryBean : Initialized JPA EntityManagerFactory for persistence unit 'default'
2021-05-28 10:26:51.577  INFO 13184 --- [main] BackyardcodersSpringReactApplication     : Application Successfully Started
2021-05-28 10:26:51.962  INFO 13184 --- [main] BackyardcodersSpringReactApplication     : Admin created
2021-05-28 10:26:52.070  WARN 13184 --- [main] JpaBaseConfiguration$JpaWebConfiguration : spring.jpa.open-in-view is enabled by default. Therefore, database queries may be performed during view rendering. Explicitly configure spring.jpa.open-in-view to disable this warning
2021-05-28 10:26:52.244  INFO 13184 --- [main] o.s.s.concurrent.ThreadPoolTaskExecutor  : Initializing ExecutorService 'applicationTaskExecutor'
2021-05-28 10:26:52.480  INFO 13184 --- [main] o.s.b.a.w.s.WelcomePageHandlerMapping    : Adding welcome page template: index
2021-05-28 10:26:52.862  INFO 13184 --- [main] o.s.b.w.embedded.tomcat.TomcatWebServer  : Tomcat started on port(s): 8080 (http) with context path ''
2021-05-28 10:26:52.886  INFO 13184 --- [main] c.b.BackyardcodersSpringReactApplication : Started BackyardcodersSpringReactApplication in 9.318 seconds (JVM running for 10.532)
2021-05-28 10:26:52.992  INFO 13184 --- [http-nio-8080-exec-1] o.a.c.c.C.[Tomcat].[localhost].[/]       : Initializing Spring DispatcherServlet 'dispatcherServlet'
2021-05-28 10:26:52.993  INFO 13184 --- [http-nio-8080-exec-1] o.s.web.servlet.DispatcherServlet        : Initializing Servlet 'dispatcherServlet'
2021-05-28 10:26:52.995  INFO 13184 --- [http-nio-8080-exec-1] o.s.web.servlet.DispatcherServlet        : Completed initialization in 1 ms
2021-05-28 10:26:53.938  INFO 13184 --- [http-nio-8080-exec-2] ReservationCrudService                   : Reservations found
2021-05-28 10:27:15.171  INFO 13184 --- [http-nio-8080-exec-4] VerificationClass                        : User not found
2021-05-28 10:27:15.172  INFO 13184 --- [http-nio-8080-exec-4] UserCrudService                          : Login Unsuccessfull
2021-05-28 10:27:21.792  INFO 13184 --- [http-nio-8080-exec-5] VerificationClass                        : User found
2021-05-28 10:27:21.792  INFO 13184 --- [http-nio-8080-exec-5] UserCrudService                          : Login Successfull
2021-05-28 10:27:21.840  INFO 13184 --- [http-nio-8080-exec-6] UserCrudService                          : User found
2021-05-28 10:27:23.262  INFO 13184 --- [http-nio-8080-exec-7] UserCrudService                          : List of user found
2021-05-28 10:27:27.741  INFO 13184 --- [http-nio-8080-exec-8] UserCrudService                          : Admin kann nicht gelöscht werden
2021-05-28 10:27:29.408  INFO 13184 --- [http-nio-8080-exec-9] UserCrudService                          : Admin kann nicht gelöscht werden
2021-05-28 10:27:29.799  INFO 13184 --- [http-nio-8080-exec-10] UserCrudService                          : Admin kann nicht gelöscht werden
2021-05-28 10:27:29.996  INFO 13184 --- [http-nio-8080-exec-1] UserCrudService                          : Admin kann nicht gelöscht werden
2021-05-28 10:27:30.159  INFO 13184 --- [http-nio-8080-exec-2] UserCrudService                          : Admin kann nicht gelöscht werden
2021-05-28 10:27:30.314  INFO 13184 --- [http-nio-8080-exec-3] UserCrudService                          : Admin kann nicht gelöscht werden
2021-05-28 10:27:30.463  INFO 13184 --- [http-nio-8080-exec-4] UserCrudService                          : Admin kann nicht gelöscht werden
2021-05-28 10:27:30.628  INFO 13184 --- [http-nio-8080-exec-5] UserCrudService                          : Admin kann nicht gelöscht werden
2021-05-28 10:27:30.791  INFO 13184 --- [http-nio-8080-exec-6] UserCrudService                          : Admin kann nicht gelöscht werden
2021-05-28 10:27:30.961  INFO 13184 --- [http-nio-8080-exec-7] UserCrudService                          : Admin kann nicht gelöscht werden
2021-05-28 10:27:31.126  INFO 13184 --- [http-nio-8080-exec-8] UserCrudService                          : Admin kann nicht gelöscht werden
2021-05-28 10:27:31.267  INFO 13184 --- [http-nio-8080-exec-9] UserCrudService                          : Admin kann nicht gelöscht werden
2021-05-28 10:27:31.430  INFO 13184 --- [http-nio-8080-exec-10] UserCrudService                          : Admin kann nicht gelöscht werden
2021-05-28 10:27:31.589  INFO 13184 --- [http-nio-8080-exec-1] UserCrudService                          : Admin kann nicht gelöscht werden
2021-05-28 10:27:31.751  INFO 13184 --- [http-nio-8080-exec-2] UserCrudService                          : Admin kann nicht gelöscht werden
2021-05-28 10:27:31.925  INFO 13184 --- [http-nio-8080-exec-3] UserCrudService                          : Admin kann nicht gelöscht werden
2021-05-28 10:28:32.637  INFO 13184 --- [http-nio-8080-exec-7] ReservationCrudService                   : Reservations found
2021-05-28 10:28:37.881  INFO 13184 --- [http-nio-8080-exec-9] VerificationClass                        : User found
2021-05-28 10:28:37.882  INFO 13184 --- [http-nio-8080-exec-9] UserCrudService                          : Login Successfull
2021-05-28 10:28:37.892  INFO 13184 --- [http-nio-8080-exec-10] UserCrudService                          : User found
2021-05-28 10:28:39.318  INFO 13184 --- [http-nio-8080-exec-1] UserCrudService                          : List of user found
2021-05-28 10:28:40.935  INFO 13184 --- [http-nio-8080-exec-2] UserCrudService                          : Admin kann nicht gelöscht werden
2021-05-28 10:29:46.321  INFO 13184 --- [RMI TCP Connection(6)-127.0.0.1] inMXBeanRegistrar$SpringApplicationAdmin : Application shutdown requested.
2021-05-28 10:29:46.429  INFO 13184 --- [RMI TCP Connection(6)-127.0.0.1] o.s.s.concurrent.ThreadPoolTaskExecutor  : Shutting down ExecutorService 'applicationTaskExecutor'
2021-05-28 10:29:46.433  INFO 13184 --- [RMI TCP Connection(6)-127.0.0.1] j.LocalContainerEntityManagerFactoryBean : Closing JPA EntityManagerFactory for persistence unit 'default'
2021-05-28 10:29:46.439  INFO 13184 --- [RMI TCP Connection(6)-127.0.0.1] com.zaxxer.hikari.HikariDataSource       : HikariPool-1 - Shutdown initiated...
2021-05-28 10:29:46.449  INFO 13184 --- [RMI TCP Connection(6)-127.0.0.1] com.zaxxer.hikari.HikariDataSource       : HikariPool-1 - Shutdown completed.
2021-05-28 10:46:49.735  INFO 7824 --- [main] c.b.BackyardcodersSpringReactApplication : Starting BackyardcodersSpringReactApplication using Java 15 on NB-Luca with PID 7824 (C:\Users\Luca Schädler\Spring-tooltworkspace\backyardcodersproject\target\classes started by Luca Schädler in C:\Users\Luca Schädler\Spring-tooltworkspace\backyardcodersproject)
2021-05-28 10:46:49.739  INFO 7824 --- [main] c.b.BackyardcodersSpringReactApplication : No active profile set, falling back to default profiles: default
2021-05-28 10:46:50.717  INFO 7824 --- [main] .s.d.r.c.RepositoryConfigurationDelegate : Bootstrapping Spring Data JPA repositories in DEFAULT mode.
2021-05-28 10:46:50.822  INFO 7824 --- [main] .s.d.r.c.RepositoryConfigurationDelegate : Finished Spring Data repository scanning in 93 ms. Found 3 JPA repository interfaces.
2021-05-28 10:46:51.601  INFO 7824 --- [main] o.s.b.w.embedded.tomcat.TomcatWebServer  : Tomcat initialized with port(s): 8080 (http)
2021-05-28 10:46:51.620  INFO 7824 --- [main] o.apache.catalina.core.StandardService   : Starting service [Tomcat]
2021-05-28 10:46:51.620  INFO 7824 --- [main] org.apache.catalina.core.StandardEngine  : Starting Servlet engine: [Apache Tomcat/9.0.45]
2021-05-28 10:46:51.839  INFO 7824 --- [main] o.a.c.c.C.[Tomcat].[localhost].[/]       : Initializing Spring embedded WebApplicationContext
2021-05-28 10:46:51.839  INFO 7824 --- [main] w.s.c.ServletWebServerApplicationContext : Root WebApplicationContext: initialization completed in 2039 ms
2021-05-28 10:46:51.902  INFO 7824 --- [main] com.zaxxer.hikari.HikariDataSource       : HikariPool-1 - Starting...
2021-05-28 10:46:52.217  INFO 7824 --- [main] com.zaxxer.hikari.HikariDataSource       : HikariPool-1 - Start completed.
2021-05-28 10:46:52.235  INFO 7824 --- [main] o.s.b.a.h2.H2ConsoleAutoConfiguration    : H2 console available at '/console'. Database available at 'jdbc:h2:file:./h2_database'
2021-05-28 10:46:52.519  INFO 7824 --- [main] o.hibernate.jpa.internal.util.LogHelper  : HHH000204: Processing PersistenceUnitInfo [name: default]
2021-05-28 10:46:52.591  INFO 7824 --- [main] org.hibernate.Version                    : HHH000412: Hibernate ORM core version 5.4.30.Final
2021-05-28 10:46:52.830  INFO 7824 --- [main] o.hibernate.annotations.common.Version   : HCANN000001: Hibernate Commons Annotations {5.1.2.Final}
2021-05-28 10:46:53.050  INFO 7824 --- [main] org.hibernate.dialect.Dialect            : HHH000400: Using dialect: org.hibernate.dialect.H2Dialect
2021-05-28 10:46:54.028  INFO 7824 --- [main] o.h.e.t.j.p.i.JtaPlatformInitiator       : HHH000490: Using JtaPlatform implementation: [org.hibernate.engine.transaction.jta.platform.internal.NoJtaPlatform]
2021-05-28 10:46:54.048  INFO 7824 --- [main] j.LocalContainerEntityManagerFactoryBean : Initialized JPA EntityManagerFactory for persistence unit 'default'
2021-05-28 10:46:54.603  INFO 7824 --- [main] BackyardcodersSpringReactApplication     : Application Successfully Started
2021-05-28 10:46:54.852  INFO 7824 --- [main] BackyardcodersSpringReactApplication     : Admin already available
2021-05-28 10:46:54.906  WARN 7824 --- [main] JpaBaseConfiguration$JpaWebConfiguration : spring.jpa.open-in-view is enabled by default. Therefore, database queries may be performed during view rendering. Explicitly configure spring.jpa.open-in-view to disable this warning
2021-05-28 10:46:55.053  INFO 7824 --- [main] o.s.s.concurrent.ThreadPoolTaskExecutor  : Initializing ExecutorService 'applicationTaskExecutor'
2021-05-28 10:46:55.192  INFO 7824 --- [main] o.s.b.a.w.s.WelcomePageHandlerMapping    : Adding welcome page template: index
2021-05-28 10:46:55.513  INFO 7824 --- [main] o.s.b.w.embedded.tomcat.TomcatWebServer  : Tomcat started on port(s): 8080 (http) with context path ''
2021-05-28 10:46:55.529  INFO 7824 --- [main] c.b.BackyardcodersSpringReactApplication : Started BackyardcodersSpringReactApplication in 6.314 seconds (JVM running for 7.47)
2021-05-28 10:47:04.340  INFO 7824 --- [http-nio-8080-exec-1] o.a.c.c.C.[Tomcat].[localhost].[/]       : Initializing Spring DispatcherServlet 'dispatcherServlet'
2021-05-28 10:47:04.341  INFO 7824 --- [http-nio-8080-exec-1] o.s.web.servlet.DispatcherServlet        : Initializing Servlet 'dispatcherServlet'
2021-05-28 10:47:04.343  INFO 7824 --- [http-nio-8080-exec-1] o.s.web.servlet.DispatcherServlet        : Completed initialization in 2 ms
2021-05-28 10:47:05.422  INFO 7824 --- [http-nio-8080-exec-2] ReservationCrudService                   : Reservations found
2021-05-28 10:47:19.060  INFO 7824 --- [http-nio-8080-exec-4] VerificationClass                        : Useremail is unique
2021-05-28 10:47:19.172  INFO 7824 --- [http-nio-8080-exec-4] AccountRequestCrudService                : Accountrequest created
2021-05-28 10:47:26.968  INFO 7824 --- [http-nio-8080-exec-5] VerificationClass                        : User found
2021-05-28 10:47:26.968  INFO 7824 --- [http-nio-8080-exec-5] UserCrudService                          : Login Successfull
2021-05-28 10:47:27.005  INFO 7824 --- [http-nio-8080-exec-6] UserCrudService                          : User found
2021-05-28 10:47:28.664  INFO 7824 --- [http-nio-8080-exec-7] AccountRequestCrudService                : Accountrequests found
2021-05-28 10:47:30.678  INFO 7824 --- [http-nio-8080-exec-8] UserCrudService                          : User created
2021-05-28 10:47:30.706  INFO 7824 --- [http-nio-8080-exec-8] UserCrudService                          : Accountrequest deleted
2021-05-28 10:47:30.721  INFO 7824 --- [http-nio-8080-exec-9] AccountRequestCrudService                : Accountrequests found
2021-05-28 10:47:32.437  INFO 7824 --- [http-nio-8080-exec-10] UserCrudService                          : List of user found
2021-05-28 10:47:35.688  INFO 7824 --- [http-nio-8080-exec-1] UserCrudService                          : User has been deleted
2021-05-28 10:47:35.700  INFO 7824 --- [http-nio-8080-exec-2] UserCrudService                          : List of user found
2021-05-28 10:47:37.785  INFO 7824 --- [http-nio-8080-exec-3] UserCrudService                          : Admin kann nicht gelöscht werden
2021-05-28 10:49:01.343  INFO 7824 --- [http-nio-8080-exec-6] VerificationClass                        : Useremail is unique
2021-05-28 10:49:01.346  INFO 7824 --- [http-nio-8080-exec-6] AccountRequestCrudService                : Accountrequest created
2021-05-28 10:49:24.069  INFO 7824 --- [http-nio-8080-exec-7] VerificationClass                        : Useremail is unique
2021-05-28 10:49:24.072  INFO 7824 --- [http-nio-8080-exec-7] AccountRequestCrudService                : Accountrequest created
2021-05-28 10:49:29.105  INFO 7824 --- [http-nio-8080-exec-8] VerificationClass                        : User found
2021-05-28 10:49:29.106  INFO 7824 --- [http-nio-8080-exec-8] UserCrudService                          : Login Successfull
2021-05-28 10:49:29.117  INFO 7824 --- [http-nio-8080-exec-9] UserCrudService                          : User found
2021-05-28 10:49:31.719  INFO 7824 --- [http-nio-8080-exec-10] AccountRequestCrudService                : Accountrequests found
2021-05-28 10:49:32.905  INFO 7824 --- [http-nio-8080-exec-1] UserCrudService                          : User created
2021-05-28 10:49:32.908  INFO 7824 --- [http-nio-8080-exec-1] UserCrudService                          : Accountrequest deleted
2021-05-28 10:49:32.919  INFO 7824 --- [http-nio-8080-exec-2] AccountRequestCrudService                : Accountrequests found
2021-05-28 10:49:34.037  INFO 7824 --- [http-nio-8080-exec-3] UserCrudService                          : User created
2021-05-28 10:49:34.040  INFO 7824 --- [http-nio-8080-exec-3] UserCrudService                          : Accountrequest deleted
2021-05-28 10:49:34.051  INFO 7824 --- [http-nio-8080-exec-4] AccountRequestCrudService                : Accountrequests found
2021-05-28 10:49:35.914  INFO 7824 --- [http-nio-8080-exec-5] UserCrudService                          : List of user found
2021-05-28 10:49:42.845  INFO 7824 --- [http-nio-8080-exec-6] VerificationClass                        : User found
2021-05-28 10:49:42.845  INFO 7824 --- [http-nio-8080-exec-6] UserCrudService                          : Login Successfull
2021-05-28 10:49:42.858  INFO 7824 --- [http-nio-8080-exec-7] UserCrudService                          : User found
2021-05-28 10:49:48.753  INFO 7824 --- [http-nio-8080-exec-8] ReservationCrudService                   : Reservation created
2021-05-28 10:49:48.766  INFO 7824 --- [http-nio-8080-exec-9] ReservationCrudService                   : Reservations found
2021-05-28 10:50:06.780  INFO 7824 --- [http-nio-8080-exec-10] ReservationCrudService                   : Reservation created
2021-05-28 10:50:06.790  INFO 7824 --- [http-nio-8080-exec-1] ReservationCrudService                   : Reservations found
2021-05-28 10:50:17.800  INFO 7824 --- [http-nio-8080-exec-2] VerificationClass                        : User found
2021-05-28 10:50:17.800  INFO 7824 --- [http-nio-8080-exec-2] UserCrudService                          : Login Successfull
2021-05-28 10:50:17.811  INFO 7824 --- [http-nio-8080-exec-3] UserCrudService                          : User found
2021-05-28 10:50:20.652  INFO 7824 --- [http-nio-8080-exec-4] ReservationCrudService                   : Reservation found by ID
2021-05-28 10:50:28.465  INFO 7824 --- [http-nio-8080-exec-5] ReservationCrudService                   : Reservation found by ID
2021-05-28 10:50:39.716  INFO 7824 --- [http-nio-8080-exec-6] ReservationCrudService                   : Reservation created
2021-05-28 10:50:39.728  INFO 7824 --- [http-nio-8080-exec-7] ReservationCrudService                   : Reservations found
2021-05-28 10:50:47.823  INFO 7824 --- [http-nio-8080-exec-8] VerificationClass                        : User found
2021-05-28 10:50:47.823  INFO 7824 --- [http-nio-8080-exec-8] UserCrudService                          : Login Successfull
2021-05-28 10:50:47.833  INFO 7824 --- [http-nio-8080-exec-9] UserCrudService                          : User found
2021-05-28 10:50:49.681  INFO 7824 --- [http-nio-8080-exec-10] ReservationCrudService                   : Reservation found by ID
2021-05-28 10:50:49.704  INFO 7824 --- [http-nio-8080-exec-1] ReservationCrudService                   : Reservation deleted
2021-05-28 10:50:49.715  INFO 7824 --- [http-nio-8080-exec-2] ReservationCrudService                   : Reservations found
2021-05-28 10:51:00.976  INFO 7824 --- [http-nio-8080-exec-3] VerificationClass                        : User found
2021-05-28 10:51:00.976  INFO 7824 --- [http-nio-8080-exec-3] UserCrudService                          : Login Successfull
2021-05-28 10:51:00.992  INFO 7824 --- [http-nio-8080-exec-4] UserCrudService                          : User found
2021-05-28 10:51:03.415  INFO 7824 --- [http-nio-8080-exec-5] ReservationCrudService                   : Reservation found by ID
2021-05-28 10:51:03.430  INFO 7824 --- [http-nio-8080-exec-6] ReservationCrudService                   : Reservation deleted
2021-05-28 10:51:03.442  INFO 7824 --- [http-nio-8080-exec-7] ReservationCrudService                   : Reservations found
2021-05-28 10:51:11.932  INFO 7824 --- [http-nio-8080-exec-8] ReservationCrudService                   : Reservation found by ID
2021-05-28 10:51:11.955  INFO 7824 --- [http-nio-8080-exec-9] ReservationCrudService                   : Reservation updated
2021-05-28 10:51:13.132  INFO 7824 --- [http-nio-8080-exec-10] ReservationCrudService                   : Reservation found by ID
2021-05-28 10:51:13.147  INFO 7824 --- [http-nio-8080-exec-1] ReservationCrudService                   : Reservation deleted
2021-05-28 10:51:13.158  INFO 7824 --- [http-nio-8080-exec-2] ReservationCrudService                   : Reservations found
2021-05-28 10:53:13.150  INFO 7824 --- [RMI TCP Connection(9)-127.0.0.1] inMXBeanRegistrar$SpringApplicationAdmin : Application shutdown requested.
2021-05-28 10:53:13.238  INFO 7824 --- [RMI TCP Connection(9)-127.0.0.1] o.s.s.concurrent.ThreadPoolTaskExecutor  : Shutting down ExecutorService 'applicationTaskExecutor'
2021-05-28 10:53:13.241  INFO 7824 --- [RMI TCP Connection(9)-127.0.0.1] j.LocalContainerEntityManagerFactoryBean : Closing JPA EntityManagerFactory for persistence unit 'default'
2021-05-28 10:53:13.244  INFO 7824 --- [RMI TCP Connection(9)-127.0.0.1] com.zaxxer.hikari.HikariDataSource       : HikariPool-1 - Shutdown initiated...
2021-05-28 10:53:13.312  INFO 7824 --- [RMI TCP Connection(9)-127.0.0.1] com.zaxxer.hikari.HikariDataSource       : HikariPool-1 - Shutdown completed.
2021-05-28 11:23:09.646  INFO 8352 --- [main] c.b.BackyardcodersSpringReactApplication : Starting BackyardcodersSpringReactApplication using Java 15.0.2 on SurfaceRobertoBrandão with PID 8352 (C:\Users\robin\Documents\workspace-spring-tool-suite-4-4.10.0.RELEASE\backyardcodersproject\target\classes started by Robin in C:\Users\robin\Documents\workspace-spring-tool-suite-4-4.10.0.RELEASE\backyardcodersproject)
2021-05-28 11:23:09.649  INFO 8352 --- [main] c.b.BackyardcodersSpringReactApplication : No active profile set, falling back to default profiles: default
2021-05-28 11:23:10.747  INFO 8352 --- [main] .s.d.r.c.RepositoryConfigurationDelegate : Bootstrapping Spring Data JPA repositories in DEFAULT mode.
2021-05-28 11:23:10.954  INFO 8352 --- [main] .s.d.r.c.RepositoryConfigurationDelegate : Finished Spring Data repository scanning in 179 ms. Found 3 JPA repository interfaces.
2021-05-28 11:23:12.389  INFO 8352 --- [main] o.s.b.w.embedded.tomcat.TomcatWebServer  : Tomcat initialized with port(s): 8080 (http)
2021-05-28 11:23:12.418  INFO 8352 --- [main] o.apache.catalina.core.StandardService   : Starting service [Tomcat]
2021-05-28 11:23:12.419  INFO 8352 --- [main] org.apache.catalina.core.StandardEngine  : Starting Servlet engine: [Apache Tomcat/9.0.45]
2021-05-28 11:23:12.573  INFO 8352 --- [main] o.a.c.c.C.[Tomcat].[localhost].[/]       : Initializing Spring embedded WebApplicationContext
2021-05-28 11:23:12.574  INFO 8352 --- [main] w.s.c.ServletWebServerApplicationContext : Root WebApplicationContext: initialization completed in 2861 ms
2021-05-28 11:23:12.689  INFO 8352 --- [main] com.zaxxer.hikari.HikariDataSource       : HikariPool-1 - Starting...
2021-05-28 11:23:13.323  INFO 8352 --- [main] com.zaxxer.hikari.HikariDataSource       : HikariPool-1 - Start completed.
2021-05-28 11:23:13.343  INFO 8352 --- [main] o.s.b.a.h2.H2ConsoleAutoConfiguration    : H2 console available at '/console'. Database available at 'jdbc:h2:file:./h2_database'
2021-05-28 11:23:13.595  INFO 8352 --- [main] o.hibernate.jpa.internal.util.LogHelper  : HHH000204: Processing PersistenceUnitInfo [name: default]
2021-05-28 11:23:13.732  INFO 8352 --- [main] org.hibernate.Version                    : HHH000412: Hibernate ORM core version 5.4.30.Final
2021-05-28 11:23:14.088  INFO 8352 --- [main] o.hibernate.annotations.common.Version   : HCANN000001: Hibernate Commons Annotations {5.1.2.Final}
2021-05-28 11:23:14.306  INFO 8352 --- [main] org.hibernate.dialect.Dialect            : HHH000400: Using dialect: org.hibernate.dialect.H2Dialect
2021-05-28 11:23:15.394  INFO 8352 --- [main] o.h.e.t.j.p.i.JtaPlatformInitiator       : HHH000490: Using JtaPlatform implementation: [org.hibernate.engine.transaction.jta.platform.internal.NoJtaPlatform]
2021-05-28 11:23:15.428  INFO 8352 --- [main] j.LocalContainerEntityManagerFactoryBean : Initialized JPA EntityManagerFactory for persistence unit 'default'
2021-05-28 11:23:16.181  INFO 8352 --- [main] BackyardcodersSpringReactApplication     : Application Successfully Started
2021-05-28 11:23:16.480  INFO 8352 --- [main] BackyardcodersSpringReactApplication     : Admin already available
2021-05-28 11:23:16.573  WARN 8352 --- [main] JpaBaseConfiguration$JpaWebConfiguration : spring.jpa.open-in-view is enabled by default. Therefore, database queries may be performed during view rendering. Explicitly configure spring.jpa.open-in-view to disable this warning
2021-05-28 11:23:16.769  INFO 8352 --- [main] o.s.s.concurrent.ThreadPoolTaskExecutor  : Initializing ExecutorService 'applicationTaskExecutor'
2021-05-28 11:23:16.925  INFO 8352 --- [main] o.s.b.a.w.s.WelcomePageHandlerMapping    : Adding welcome page template: index
2021-05-28 11:23:17.266  INFO 8352 --- [main] o.s.b.w.embedded.tomcat.TomcatWebServer  : Tomcat started on port(s): 8080 (http) with context path ''
2021-05-28 11:23:17.283  INFO 8352 --- [main] c.b.BackyardcodersSpringReactApplication : Started BackyardcodersSpringReactApplication in 8.185 seconds (JVM running for 8.995)
2021-05-28 11:23:44.351  INFO 8352 --- [http-nio-8080-exec-1] o.a.c.c.C.[Tomcat].[localhost].[/]       : Initializing Spring DispatcherServlet 'dispatcherServlet'
2021-05-28 11:23:44.352  INFO 8352 --- [http-nio-8080-exec-1] o.s.web.servlet.DispatcherServlet        : Initializing Servlet 'dispatcherServlet'
2021-05-28 11:23:44.356  INFO 8352 --- [http-nio-8080-exec-1] o.s.web.servlet.DispatcherServlet        : Completed initialization in 3 ms
2021-05-28 11:23:45.498  INFO 8352 --- [http-nio-8080-exec-4] ReservationCrudService                   : Reservations found
2021-05-28 11:23:50.329  INFO 8352 --- [http-nio-8080-exec-5] VerificationClass                        : User found
2021-05-28 11:23:50.330  INFO 8352 --- [http-nio-8080-exec-5] UserCrudService                          : Login Successfull
2021-05-28 11:23:50.402  INFO 8352 --- [http-nio-8080-exec-6] UserCrudService                          : User found
2021-05-28 11:23:54.225  INFO 8352 --- [http-nio-8080-exec-7] UserCrudService                          : List of user found
2021-05-28 11:23:56.135  INFO 8352 --- [http-nio-8080-exec-8] UserCrudService                          : Admin kann nicht gelöscht werden
2021-05-28 11:24:47.458  INFO 8352 --- [http-nio-8080-exec-5] ReservationCrudService                   : Reservations found
2021-05-28 11:24:52.553  INFO 8352 --- [http-nio-8080-exec-6] VerificationClass                        : User found
2021-05-28 11:24:52.554  INFO 8352 --- [http-nio-8080-exec-6] UserCrudService                          : Login Successfull
2021-05-28 11:24:52.620  INFO 8352 --- [http-nio-8080-exec-7] UserCrudService                          : User found
2021-05-28 11:24:56.269  INFO 8352 --- [http-nio-8080-exec-8] UserCrudService                          : List of user found
2021-05-28 11:24:58.932  INFO 8352 --- [http-nio-8080-exec-9] UserCrudService                          : Admin kann nicht gelöscht werden
2021-05-28 11:25:04.765  INFO 8352 --- [http-nio-8080-exec-10] UserCrudService                          : Admin kann nicht gelöscht werden
2021-05-28 11:25:09.046  INFO 8352 --- [http-nio-8080-exec-1] UserCrudService                          : User has been deleted
2021-05-28 11:25:09.123  INFO 8352 --- [http-nio-8080-exec-2] UserCrudService                          : List of user found
2021-05-28 11:26:43.624  INFO 8352 --- [RMI TCP Connection(2)-127.0.0.1] inMXBeanRegistrar$SpringApplicationAdmin : Application shutdown requested.
2021-05-28 11:26:43.660  INFO 8352 --- [RMI TCP Connection(2)-127.0.0.1] o.s.s.concurrent.ThreadPoolTaskExecutor  : Shutting down ExecutorService 'applicationTaskExecutor'
2021-05-28 11:26:43.661  INFO 8352 --- [RMI TCP Connection(2)-127.0.0.1] j.LocalContainerEntityManagerFactoryBean : Closing JPA EntityManagerFactory for persistence unit 'default'
2021-05-28 11:26:43.664  INFO 8352 --- [RMI TCP Connection(2)-127.0.0.1] com.zaxxer.hikari.HikariDataSource       : HikariPool-1 - Shutdown initiated...
2021-05-28 11:26:43.667  INFO 8352 --- [RMI TCP Connection(2)-127.0.0.1] com.zaxxer.hikari.HikariDataSource       : HikariPool-1 - Shutdown completed.
2021-05-28 11:27:26.246  INFO 6928 --- [main] c.b.BackyardcodersSpringReactApplication : Starting BackyardcodersSpringReactApplication using Java 15.0.2 on SurfaceRobertoBrandão with PID 6928 (C:\Users\robin\Documents\workspace-spring-tool-suite-4-4.10.0.RELEASE\backyardcodersproject\target\classes started by Robin in C:\Users\robin\Documents\workspace-spring-tool-suite-4-4.10.0.RELEASE\backyardcodersproject)
2021-05-28 11:27:26.249  INFO 6928 --- [main] c.b.BackyardcodersSpringReactApplication : No active profile set, falling back to default profiles: default
2021-05-28 11:27:26.968  INFO 6928 --- [main] .s.d.r.c.RepositoryConfigurationDelegate : Bootstrapping Spring Data JPA repositories in DEFAULT mode.
2021-05-28 11:27:27.035  INFO 6928 --- [main] .s.d.r.c.RepositoryConfigurationDelegate : Finished Spring Data repository scanning in 57 ms. Found 3 JPA repository interfaces.
2021-05-28 11:27:27.738  INFO 6928 --- [main] o.s.b.w.embedded.tomcat.TomcatWebServer  : Tomcat initialized with port(s): 8080 (http)
2021-05-28 11:27:27.760  INFO 6928 --- [main] o.apache.catalina.core.StandardService   : Starting service [Tomcat]
2021-05-28 11:27:27.760  INFO 6928 --- [main] org.apache.catalina.core.StandardEngine  : Starting Servlet engine: [Apache Tomcat/9.0.45]
2021-05-28 11:27:27.879  INFO 6928 --- [main] o.a.c.c.C.[Tomcat].[localhost].[/]       : Initializing Spring embedded WebApplicationContext
2021-05-28 11:27:27.880  INFO 6928 --- [main] w.s.c.ServletWebServerApplicationContext : Root WebApplicationContext: initialization completed in 1584 ms
2021-05-28 11:27:27.940  INFO 6928 --- [main] com.zaxxer.hikari.HikariDataSource       : HikariPool-1 - Starting...
2021-05-28 11:27:28.232  INFO 6928 --- [main] com.zaxxer.hikari.HikariDataSource       : HikariPool-1 - Start completed.
2021-05-28 11:27:28.240  INFO 6928 --- [main] o.s.b.a.h2.H2ConsoleAutoConfiguration    : H2 console available at '/console'. Database available at 'jdbc:h2:file:./h2_database'
2021-05-28 11:27:28.489  INFO 6928 --- [main] o.hibernate.jpa.internal.util.LogHelper  : HHH000204: Processing PersistenceUnitInfo [name: default]
2021-05-28 11:27:28.548  INFO 6928 --- [main] org.hibernate.Version                    : HHH000412: Hibernate ORM core version 5.4.30.Final
2021-05-28 11:27:28.777  INFO 6928 --- [main] o.hibernate.annotations.common.Version   : HCANN000001: Hibernate Commons Annotations {5.1.2.Final}
2021-05-28 11:27:28.910  INFO 6928 --- [main] org.hibernate.dialect.Dialect            : HHH000400: Using dialect: org.hibernate.dialect.H2Dialect
2021-05-28 11:27:29.715  INFO 6928 --- [main] o.h.e.t.j.p.i.JtaPlatformInitiator       : HHH000490: Using JtaPlatform implementation: [org.hibernate.engine.transaction.jta.platform.internal.NoJtaPlatform]
2021-05-28 11:27:29.726  INFO 6928 --- [main] j.LocalContainerEntityManagerFactoryBean : Initialized JPA EntityManagerFactory for persistence unit 'default'
2021-05-28 11:27:30.120  INFO 6928 --- [main] BackyardcodersSpringReactApplication     : Application Successfully Started
2021-05-28 11:27:30.295  INFO 6928 --- [main] BackyardcodersSpringReactApplication     : Admin already available
2021-05-28 11:27:30.357  WARN 6928 --- [main] JpaBaseConfiguration$JpaWebConfiguration : spring.jpa.open-in-view is enabled by default. Therefore, database queries may be performed during view rendering. Explicitly configure spring.jpa.open-in-view to disable this warning
2021-05-28 11:27:30.479  INFO 6928 --- [main] o.s.s.concurrent.ThreadPoolTaskExecutor  : Initializing ExecutorService 'applicationTaskExecutor'
2021-05-28 11:27:30.600  INFO 6928 --- [main] o.s.b.a.w.s.WelcomePageHandlerMapping    : Adding welcome page template: index
2021-05-28 11:27:30.865  INFO 6928 --- [main] o.s.b.w.embedded.tomcat.TomcatWebServer  : Tomcat started on port(s): 8080 (http) with context path ''
2021-05-28 11:27:30.879  INFO 6928 --- [main] c.b.BackyardcodersSpringReactApplication : Started BackyardcodersSpringReactApplication in 5.104 seconds (JVM running for 5.967)
2021-05-28 11:27:35.632  INFO 6928 --- [http-nio-8080-exec-1] o.a.c.c.C.[Tomcat].[localhost].[/]       : Initializing Spring DispatcherServlet 'dispatcherServlet'
2021-05-28 11:27:35.633  INFO 6928 --- [http-nio-8080-exec-1] o.s.web.servlet.DispatcherServlet        : Initializing Servlet 'dispatcherServlet'
2021-05-28 11:27:35.636  INFO 6928 --- [http-nio-8080-exec-1] o.s.web.servlet.DispatcherServlet        : Completed initialization in 3 ms
2021-05-28 11:27:37.156  INFO 6928 --- [http-nio-8080-exec-4] ReservationCrudService                   : Reservations found
2021-05-28 11:28:29.604  INFO 6928 --- [http-nio-8080-exec-5] VerificationClass                        : User found
2021-05-28 11:28:29.605  INFO 6928 --- [http-nio-8080-exec-5] UserCrudService                          : Login Successfull
2021-05-28 11:28:29.684  INFO 6928 --- [http-nio-8080-exec-6] UserCrudService                          : User found
2021-05-28 11:28:55.921  INFO 6928 --- [http-nio-8080-exec-8] ReservationCrudService                   : Reservations found
2021-05-28 11:28:55.930  INFO 6928 --- [http-nio-8080-exec-9] ReservationCrudService                   : Reservations found
2021-05-28 11:29:00.415  INFO 6928 --- [http-nio-8080-exec-10] ReservationCrudService                   : Reservations found
2021-05-28 11:29:00.417  INFO 6928 --- [http-nio-8080-exec-1] ReservationCrudService                   : Reservations found
2021-05-28 11:29:05.567  INFO 6928 --- [http-nio-8080-exec-2] ReservationCrudService                   : Reservations found
2021-05-28 11:29:05.567  INFO 6928 --- [http-nio-8080-exec-3] ReservationCrudService                   : Reservations found
2021-05-28 11:29:06.670  INFO 6928 --- [http-nio-8080-exec-4] ReservationCrudService                   : Reservations found
2021-05-28 11:29:06.712  INFO 6928 --- [http-nio-8080-exec-5] ReservationCrudService                   : Reservations found
2021-05-28 11:31:14.214  INFO 6928 --- [RMI TCP Connection(2)-127.0.0.1] inMXBeanRegistrar$SpringApplicationAdmin : Application shutdown requested.
2021-05-28 11:31:14.252  INFO 6928 --- [RMI TCP Connection(2)-127.0.0.1] o.s.s.concurrent.ThreadPoolTaskExecutor  : Shutting down ExecutorService 'applicationTaskExecutor'
2021-05-28 11:31:14.253  INFO 6928 --- [RMI TCP Connection(2)-127.0.0.1] j.LocalContainerEntityManagerFactoryBean : Closing JPA EntityManagerFactory for persistence unit 'default'
2021-05-28 11:31:14.256  INFO 6928 --- [RMI TCP Connection(2)-127.0.0.1] com.zaxxer.hikari.HikariDataSource       : HikariPool-1 - Shutdown initiated...
2021-05-28 11:31:14.259  INFO 6928 --- [RMI TCP Connection(2)-127.0.0.1] com.zaxxer.hikari.HikariDataSource       : HikariPool-1 - Shutdown completed.
2021-05-28 11:32:16.954  INFO 8008 --- [main] c.b.BackyardcodersSpringReactApplication : Starting BackyardcodersSpringReactApplication using Java 15.0.2 on SurfaceRobertoBrandão with PID 8008 (C:\Users\robin\Documents\workspace-spring-tool-suite-4-4.10.0.RELEASE\backyardcodersproject\target\classes started by Robin in C:\Users\robin\Documents\workspace-spring-tool-suite-4-4.10.0.RELEASE\backyardcodersproject)
2021-05-28 11:32:16.957  INFO 8008 --- [main] c.b.BackyardcodersSpringReactApplication : No active profile set, falling back to default profiles: default
2021-05-28 11:32:17.644  INFO 8008 --- [main] .s.d.r.c.RepositoryConfigurationDelegate : Bootstrapping Spring Data JPA repositories in DEFAULT mode.
2021-05-28 11:32:17.707  INFO 8008 --- [main] .s.d.r.c.RepositoryConfigurationDelegate : Finished Spring Data repository scanning in 54 ms. Found 3 JPA repository interfaces.
2021-05-28 11:32:18.291  INFO 8008 --- [main] o.s.b.w.embedded.tomcat.TomcatWebServer  : Tomcat initialized with port(s): 8080 (http)
2021-05-28 11:32:18.305  INFO 8008 --- [main] o.apache.catalina.core.StandardService   : Starting service [Tomcat]
2021-05-28 11:32:18.305  INFO 8008 --- [main] org.apache.catalina.core.StandardEngine  : Starting Servlet engine: [Apache Tomcat/9.0.45]
2021-05-28 11:32:18.427  INFO 8008 --- [main] o.a.c.c.C.[Tomcat].[localhost].[/]       : Initializing Spring embedded WebApplicationContext
2021-05-28 11:32:18.427  INFO 8008 --- [main] w.s.c.ServletWebServerApplicationContext : Root WebApplicationContext: initialization completed in 1418 ms
2021-05-28 11:32:18.477  INFO 8008 --- [main] com.zaxxer.hikari.HikariDataSource       : HikariPool-1 - Starting...
2021-05-28 11:32:18.737  INFO 8008 --- [main] com.zaxxer.hikari.HikariDataSource       : HikariPool-1 - Start completed.
2021-05-28 11:32:18.745  INFO 8008 --- [main] o.s.b.a.h2.H2ConsoleAutoConfiguration    : H2 console available at '/console'. Database available at 'jdbc:h2:file:./h2_database'
2021-05-28 11:32:18.938  INFO 8008 --- [main] o.hibernate.jpa.internal.util.LogHelper  : HHH000204: Processing PersistenceUnitInfo [name: default]
2021-05-28 11:32:19.015  INFO 8008 --- [main] org.hibernate.Version                    : HHH000412: Hibernate ORM core version 5.4.30.Final
2021-05-28 11:32:19.188  INFO 8008 --- [main] o.hibernate.annotations.common.Version   : HCANN000001: Hibernate Commons Annotations {5.1.2.Final}
2021-05-28 11:32:19.342  INFO 8008 --- [main] org.hibernate.dialect.Dialect            : HHH000400: Using dialect: org.hibernate.dialect.H2Dialect
2021-05-28 11:32:20.059  INFO 8008 --- [main] o.h.e.t.j.p.i.JtaPlatformInitiator       : HHH000490: Using JtaPlatform implementation: [org.hibernate.engine.transaction.jta.platform.internal.NoJtaPlatform]
2021-05-28 11:32:20.069  INFO 8008 --- [main] j.LocalContainerEntityManagerFactoryBean : Initialized JPA EntityManagerFactory for persistence unit 'default'
2021-05-28 11:32:20.446  INFO 8008 --- [main] BackyardcodersSpringReactApplication     : Application Successfully Started
2021-05-28 11:32:20.606  INFO 8008 --- [main] BackyardcodersSpringReactApplication     : Admin already available
2021-05-28 11:32:20.652  WARN 8008 --- [main] JpaBaseConfiguration$JpaWebConfiguration : spring.jpa.open-in-view is enabled by default. Therefore, database queries may be performed during view rendering. Explicitly configure spring.jpa.open-in-view to disable this warning
2021-05-28 11:32:20.751  INFO 8008 --- [main] o.s.s.concurrent.ThreadPoolTaskExecutor  : Initializing ExecutorService 'applicationTaskExecutor'
2021-05-28 11:32:20.850  INFO 8008 --- [main] o.s.b.a.w.s.WelcomePageHandlerMapping    : Adding welcome page template: index
2021-05-28 11:32:21.072  INFO 8008 --- [main] o.s.b.w.embedded.tomcat.TomcatWebServer  : Tomcat started on port(s): 8080 (http) with context path ''
2021-05-28 11:32:21.086  INFO 8008 --- [main] c.b.BackyardcodersSpringReactApplication : Started BackyardcodersSpringReactApplication in 4.566 seconds (JVM running for 5.438)
2021-05-28 11:32:32.277  INFO 8008 --- [http-nio-8080-exec-1] o.a.c.c.C.[Tomcat].[localhost].[/]       : Initializing Spring DispatcherServlet 'dispatcherServlet'
2021-05-28 11:32:32.278  INFO 8008 --- [http-nio-8080-exec-1] o.s.web.servlet.DispatcherServlet        : Initializing Servlet 'dispatcherServlet'
2021-05-28 11:32:32.279  INFO 8008 --- [http-nio-8080-exec-1] o.s.web.servlet.DispatcherServlet        : Completed initialization in 1 ms
2021-05-28 11:32:33.160  INFO 8008 --- [http-nio-8080-exec-4] ReservationCrudService                   : Reservations found
2021-05-28 11:32:39.134  INFO 8008 --- [http-nio-8080-exec-5] VerificationClass                        : User found
2021-05-28 11:32:39.135  INFO 8008 --- [http-nio-8080-exec-5] UserCrudService                          : Login Successfull
2021-05-28 11:32:39.314  INFO 8008 --- [http-nio-8080-exec-6] UserCrudService                          : User found
2021-05-28 11:33:24.387  INFO 8008 --- [RMI TCP Connection(2)-127.0.0.1] inMXBeanRegistrar$SpringApplicationAdmin : Application shutdown requested.
2021-05-28 11:33:24.424  INFO 8008 --- [RMI TCP Connection(2)-127.0.0.1] o.s.s.concurrent.ThreadPoolTaskExecutor  : Shutting down ExecutorService 'applicationTaskExecutor'
2021-05-28 11:33:24.425  INFO 8008 --- [RMI TCP Connection(2)-127.0.0.1] j.LocalContainerEntityManagerFactoryBean : Closing JPA EntityManagerFactory for persistence unit 'default'
2021-05-28 11:33:24.427  INFO 8008 --- [RMI TCP Connection(2)-127.0.0.1] com.zaxxer.hikari.HikariDataSource       : HikariPool-1 - Shutdown initiated...
2021-05-28 11:33:24.430  INFO 8008 --- [RMI TCP Connection(2)-127.0.0.1] com.zaxxer.hikari.HikariDataSource       : HikariPool-1 - Shutdown completed.
2021-05-28 11:33:33.404  INFO 4444 --- [main] c.b.BackyardcodersSpringReactApplication : Starting BackyardcodersSpringReactApplication using Java 15.0.2 on SurfaceRobertoBrandão with PID 4444 (C:\Users\robin\Documents\workspace-spring-tool-suite-4-4.10.0.RELEASE\backyardcodersproject\target\classes started by Robin in C:\Users\robin\Documents\workspace-spring-tool-suite-4-4.10.0.RELEASE\backyardcodersproject)
2021-05-28 11:33:33.407  INFO 4444 --- [main] c.b.BackyardcodersSpringReactApplication : No active profile set, falling back to default profiles: default
2021-05-28 11:33:34.100  INFO 4444 --- [main] .s.d.r.c.RepositoryConfigurationDelegate : Bootstrapping Spring Data JPA repositories in DEFAULT mode.
2021-05-28 11:33:34.185  INFO 4444 --- [main] .s.d.r.c.RepositoryConfigurationDelegate : Finished Spring Data repository scanning in 75 ms. Found 3 JPA repository interfaces.
2021-05-28 11:33:34.855  INFO 4444 --- [main] o.s.b.w.embedded.tomcat.TomcatWebServer  : Tomcat initialized with port(s): 8080 (http)
2021-05-28 11:33:34.874  INFO 4444 --- [main] o.apache.catalina.core.StandardService   : Starting service [Tomcat]
2021-05-28 11:33:34.875  INFO 4444 --- [main] org.apache.catalina.core.StandardEngine  : Starting Servlet engine: [Apache Tomcat/9.0.45]
2021-05-28 11:33:35.104  INFO 4444 --- [main] o.a.c.c.C.[Tomcat].[localhost].[/]       : Initializing Spring embedded WebApplicationContext
2021-05-28 11:33:35.104  INFO 4444 --- [main] w.s.c.ServletWebServerApplicationContext : Root WebApplicationContext: initialization completed in 1645 ms
2021-05-28 11:33:35.170  INFO 4444 --- [main] com.zaxxer.hikari.HikariDataSource       : HikariPool-1 - Starting...
2021-05-28 11:33:35.468  INFO 4444 --- [main] com.zaxxer.hikari.HikariDataSource       : HikariPool-1 - Start completed.
2021-05-28 11:33:35.475  INFO 4444 --- [main] o.s.b.a.h2.H2ConsoleAutoConfiguration    : H2 console available at '/console'. Database available at 'jdbc:h2:file:./h2_database'
2021-05-28 11:33:35.647  INFO 4444 --- [main] o.hibernate.jpa.internal.util.LogHelper  : HHH000204: Processing PersistenceUnitInfo [name: default]
2021-05-28 11:33:35.752  INFO 4444 --- [main] org.hibernate.Version                    : HHH000412: Hibernate ORM core version 5.4.30.Final
2021-05-28 11:33:35.910  INFO 4444 --- [main] o.hibernate.annotations.common.Version   : HCANN000001: Hibernate Commons Annotations {5.1.2.Final}
2021-05-28 11:33:36.056  INFO 4444 --- [main] org.hibernate.dialect.Dialect            : HHH000400: Using dialect: org.hibernate.dialect.H2Dialect
2021-05-28 11:33:36.863  INFO 4444 --- [main] o.h.e.t.j.p.i.JtaPlatformInitiator       : HHH000490: Using JtaPlatform implementation: [org.hibernate.engine.transaction.jta.platform.internal.NoJtaPlatform]
2021-05-28 11:33:36.873  INFO 4444 --- [main] j.LocalContainerEntityManagerFactoryBean : Initialized JPA EntityManagerFactory for persistence unit 'default'
2021-05-28 11:33:37.361  INFO 4444 --- [main] BackyardcodersSpringReactApplication     : Application Successfully Started
2021-05-28 11:33:37.583  INFO 4444 --- [main] BackyardcodersSpringReactApplication     : Admin already available
2021-05-28 11:33:37.634  WARN 4444 --- [main] JpaBaseConfiguration$JpaWebConfiguration : spring.jpa.open-in-view is enabled by default. Therefore, database queries may be performed during view rendering. Explicitly configure spring.jpa.open-in-view to disable this warning
2021-05-28 11:33:37.745  INFO 4444 --- [main] o.s.s.concurrent.ThreadPoolTaskExecutor  : Initializing ExecutorService 'applicationTaskExecutor'
2021-05-28 11:33:37.842  INFO 4444 --- [main] o.s.b.a.w.s.WelcomePageHandlerMapping    : Adding welcome page template: index
2021-05-28 11:33:38.073  INFO 4444 --- [main] o.s.b.w.embedded.tomcat.TomcatWebServer  : Tomcat started on port(s): 8080 (http) with context path ''
2021-05-28 11:33:38.084  INFO 4444 --- [main] c.b.BackyardcodersSpringReactApplication : Started BackyardcodersSpringReactApplication in 5.194 seconds (JVM running for 6.04)
2021-05-28 11:33:53.013  INFO 4444 --- [http-nio-8080-exec-1] o.a.c.c.C.[Tomcat].[localhost].[/]       : Initializing Spring DispatcherServlet 'dispatcherServlet'
2021-05-28 11:33:53.013  INFO 4444 --- [http-nio-8080-exec-1] o.s.web.servlet.DispatcherServlet        : Initializing Servlet 'dispatcherServlet'
2021-05-28 11:33:53.015  INFO 4444 --- [http-nio-8080-exec-1] o.s.web.servlet.DispatcherServlet        : Completed initialization in 1 ms
2021-05-28 11:33:54.458  INFO 4444 --- [http-nio-8080-exec-4] ReservationCrudService                   : Reservations found
2021-05-28 11:34:19.133  INFO 4444 --- [http-nio-8080-exec-5] VerificationClass                        : User found
2021-05-28 11:34:19.134  INFO 4444 --- [http-nio-8080-exec-5] UserCrudService                          : Login Successfull
2021-05-28 11:34:19.219  INFO 4444 --- [http-nio-8080-exec-6] UserCrudService                          : User found
2021-05-28 11:34:29.080  INFO 4444 --- [http-nio-8080-exec-10] ReservationCrudService                   : Reservations found
2021-05-28 11:34:34.958  INFO 4444 --- [http-nio-8080-exec-1] VerificationClass                        : User found
2021-05-28 11:34:34.958  INFO 4444 --- [http-nio-8080-exec-1] UserCrudService                          : Login Successfull
2021-05-28 11:34:35.019  INFO 4444 --- [http-nio-8080-exec-2] UserCrudService                          : User found
2021-05-28 11:36:06.424  INFO 4444 --- [RMI TCP Connection(2)-127.0.0.1] inMXBeanRegistrar$SpringApplicationAdmin : Application shutdown requested.
2021-05-28 11:36:06.456  INFO 4444 --- [RMI TCP Connection(2)-127.0.0.1] o.s.s.concurrent.ThreadPoolTaskExecutor  : Shutting down ExecutorService 'applicationTaskExecutor'
2021-05-28 11:36:06.457  INFO 4444 --- [RMI TCP Connection(2)-127.0.0.1] j.LocalContainerEntityManagerFactoryBean : Closing JPA EntityManagerFactory for persistence unit 'default'
2021-05-28 11:36:06.459  INFO 4444 --- [RMI TCP Connection(2)-127.0.0.1] com.zaxxer.hikari.HikariDataSource       : HikariPool-1 - Shutdown initiated...
2021-05-28 11:36:06.463  INFO 4444 --- [RMI TCP Connection(2)-127.0.0.1] com.zaxxer.hikari.HikariDataSource       : HikariPool-1 - Shutdown completed.
2021-05-28 11:38:23.131  INFO 9080 --- [main] c.b.BackyardcodersSpringReactApplication : Starting BackyardcodersSpringReactApplication using Java 15.0.2 on SurfaceRobertoBrandão with PID 9080 (C:\Users\robin\Documents\workspace-spring-tool-suite-4-4.10.0.RELEASE\backyardcodersproject\target\classes started by Robin in C:\Users\robin\Documents\workspace-spring-tool-suite-4-4.10.0.RELEASE\backyardcodersproject)
2021-05-28 11:38:23.134  INFO 9080 --- [main] c.b.BackyardcodersSpringReactApplication : No active profile set, falling back to default profiles: default
2021-05-28 11:38:23.944  INFO 9080 --- [main] .s.d.r.c.RepositoryConfigurationDelegate : Bootstrapping Spring Data JPA repositories in DEFAULT mode.
2021-05-28 11:38:24.016  INFO 9080 --- [main] .s.d.r.c.RepositoryConfigurationDelegate : Finished Spring Data repository scanning in 60 ms. Found 3 JPA repository interfaces.
2021-05-28 11:38:24.670  INFO 9080 --- [main] o.s.b.w.embedded.tomcat.TomcatWebServer  : Tomcat initialized with port(s): 8080 (http)
2021-05-28 11:38:24.681  INFO 9080 --- [main] o.apache.catalina.core.StandardService   : Starting service [Tomcat]
2021-05-28 11:38:24.682  INFO 9080 --- [main] org.apache.catalina.core.StandardEngine  : Starting Servlet engine: [Apache Tomcat/9.0.45]
2021-05-28 11:38:24.803  INFO 9080 --- [main] o.a.c.c.C.[Tomcat].[localhost].[/]       : Initializing Spring embedded WebApplicationContext
2021-05-28 11:38:24.804  INFO 9080 --- [main] w.s.c.ServletWebServerApplicationContext : Root WebApplicationContext: initialization completed in 1619 ms
2021-05-28 11:38:24.855  INFO 9080 --- [main] com.zaxxer.hikari.HikariDataSource       : HikariPool-1 - Starting...
2021-05-28 11:38:25.086  INFO 9080 --- [main] com.zaxxer.hikari.HikariDataSource       : HikariPool-1 - Start completed.
2021-05-28 11:38:25.094  INFO 9080 --- [main] o.s.b.a.h2.H2ConsoleAutoConfiguration    : H2 console available at '/console'. Database available at 'jdbc:h2:file:./h2_database'
2021-05-28 11:38:25.414  INFO 9080 --- [main] o.hibernate.jpa.internal.util.LogHelper  : HHH000204: Processing PersistenceUnitInfo [name: default]
2021-05-28 11:38:25.513  INFO 9080 --- [main] org.hibernate.Version                    : HHH000412: Hibernate ORM core version 5.4.30.Final
2021-05-28 11:38:25.762  INFO 9080 --- [main] o.hibernate.annotations.common.Version   : HCANN000001: Hibernate Commons Annotations {5.1.2.Final}
2021-05-28 11:38:25.970  INFO 9080 --- [main] org.hibernate.dialect.Dialect            : HHH000400: Using dialect: org.hibernate.dialect.H2Dialect
2021-05-28 11:38:26.676  INFO 9080 --- [main] o.h.e.t.j.p.i.JtaPlatformInitiator       : HHH000490: Using JtaPlatform implementation: [org.hibernate.engine.transaction.jta.platform.internal.NoJtaPlatform]
2021-05-28 11:38:26.686  INFO 9080 --- [main] j.LocalContainerEntityManagerFactoryBean : Initialized JPA EntityManagerFactory for persistence unit 'default'
2021-05-28 11:38:27.091  INFO 9080 --- [main] BackyardcodersSpringReactApplication     : Application Successfully Started
2021-05-28 11:38:27.285  INFO 9080 --- [main] BackyardcodersSpringReactApplication     : Admin already available
2021-05-28 11:38:27.339  WARN 9080 --- [main] JpaBaseConfiguration$JpaWebConfiguration : spring.jpa.open-in-view is enabled by default. Therefore, database queries may be performed during view rendering. Explicitly configure spring.jpa.open-in-view to disable this warning
2021-05-28 11:38:27.453  INFO 9080 --- [main] o.s.s.concurrent.ThreadPoolTaskExecutor  : Initializing ExecutorService 'applicationTaskExecutor'
2021-05-28 11:38:27.547  INFO 9080 --- [main] o.s.b.a.w.s.WelcomePageHandlerMapping    : Adding welcome page template: index
2021-05-28 11:38:27.775  INFO 9080 --- [main] o.s.b.w.embedded.tomcat.TomcatWebServer  : Tomcat started on port(s): 8080 (http) with context path ''
2021-05-28 11:38:27.792  INFO 9080 --- [main] c.b.BackyardcodersSpringReactApplication : Started BackyardcodersSpringReactApplication in 5.197 seconds (JVM running for 6.07)
2021-05-28 13:14:32.242  WARN 9080 --- [HikariPool-1 housekeeper] com.zaxxer.hikari.pool.HikariPool        : HikariPool-1 - Thread starvation or clock leap detected (housekeeper delta=1h30m36s966ms323µs400ns).
2021-05-28 13:31:23.707  INFO 9080 --- [RMI TCP Connection(2)-127.0.0.1] inMXBeanRegistrar$SpringApplicationAdmin : Application shutdown requested.
2021-05-28 13:31:23.752  INFO 9080 --- [RMI TCP Connection(2)-127.0.0.1] o.s.s.concurrent.ThreadPoolTaskExecutor  : Shutting down ExecutorService 'applicationTaskExecutor'
2021-05-28 13:31:23.756  INFO 9080 --- [RMI TCP Connection(2)-127.0.0.1] j.LocalContainerEntityManagerFactoryBean : Closing JPA EntityManagerFactory for persistence unit 'default'
2021-05-28 13:31:23.760  INFO 9080 --- [RMI TCP Connection(2)-127.0.0.1] com.zaxxer.hikari.HikariDataSource       : HikariPool-1 - Shutdown initiated...
2021-05-28 13:31:23.763  INFO 9080 --- [RMI TCP Connection(2)-127.0.0.1] com.zaxxer.hikari.HikariDataSource       : HikariPool-1 - Shutdown completed.
2021-05-28 13:36:25.689  INFO 12616 --- [main] c.b.BackyardcodersSpringReactApplication : Starting BackyardcodersSpringReactApplication using Java 15.0.2 on SurfaceRobertoBrandão with PID 12616 (C:\Users\robin\Documents\workspace-spring-tool-suite-4-4.10.0.RELEASE\backyardcodersproject\target\classes started by Robin in C:\Users\robin\Documents\workspace-spring-tool-suite-4-4.10.0.RELEASE\backyardcodersproject)
2021-05-28 13:36:25.693  INFO 12616 --- [main] c.b.BackyardcodersSpringReactApplication : No active profile set, falling back to default profiles: default
2021-05-28 13:36:26.416  INFO 12616 --- [main] .s.d.r.c.RepositoryConfigurationDelegate : Bootstrapping Spring Data JPA repositories in DEFAULT mode.
2021-05-28 13:36:26.481  INFO 12616 --- [main] .s.d.r.c.RepositoryConfigurationDelegate : Finished Spring Data repository scanning in 56 ms. Found 3 JPA repository interfaces.
2021-05-28 13:36:27.123  INFO 12616 --- [main] o.s.b.w.embedded.tomcat.TomcatWebServer  : Tomcat initialized with port(s): 8080 (http)
2021-05-28 13:36:27.136  INFO 12616 --- [main] o.apache.catalina.core.StandardService   : Starting service [Tomcat]
2021-05-28 13:36:27.136  INFO 12616 --- [main] org.apache.catalina.core.StandardEngine  : Starting Servlet engine: [Apache Tomcat/9.0.45]
2021-05-28 13:36:27.305  INFO 12616 --- [main] o.a.c.c.C.[Tomcat].[localhost].[/]       : Initializing Spring embedded WebApplicationContext
2021-05-28 13:36:27.306  INFO 12616 --- [main] w.s.c.ServletWebServerApplicationContext : Root WebApplicationContext: initialization completed in 1554 ms
2021-05-28 13:36:27.353  INFO 12616 --- [main] com.zaxxer.hikari.HikariDataSource       : HikariPool-1 - Starting...
2021-05-28 13:36:27.609  INFO 12616 --- [main] com.zaxxer.hikari.HikariDataSource       : HikariPool-1 - Start completed.
2021-05-28 13:36:27.618  INFO 12616 --- [main] o.s.b.a.h2.H2ConsoleAutoConfiguration    : H2 console available at '/console'. Database available at 'jdbc:h2:file:./h2_database'
2021-05-28 13:36:27.797  INFO 12616 --- [main] o.hibernate.jpa.internal.util.LogHelper  : HHH000204: Processing PersistenceUnitInfo [name: default]
2021-05-28 13:36:27.856  INFO 12616 --- [main] org.hibernate.Version                    : HHH000412: Hibernate ORM core version 5.4.30.Final
2021-05-28 13:36:28.025  INFO 12616 --- [main] o.hibernate.annotations.common.Version   : HCANN000001: Hibernate Commons Annotations {5.1.2.Final}
2021-05-28 13:36:28.170  INFO 12616 --- [main] org.hibernate.dialect.Dialect            : HHH000400: Using dialect: org.hibernate.dialect.H2Dialect
2021-05-28 13:36:28.942  INFO 12616 --- [main] o.h.e.t.j.p.i.JtaPlatformInitiator       : HHH000490: Using JtaPlatform implementation: [org.hibernate.engine.transaction.jta.platform.internal.NoJtaPlatform]
2021-05-28 13:36:28.952  INFO 12616 --- [main] j.LocalContainerEntityManagerFactoryBean : Initialized JPA EntityManagerFactory for persistence unit 'default'
2021-05-28 13:36:29.443  INFO 12616 --- [main] BackyardcodersSpringReactApplication     : Application Successfully Started
2021-05-28 13:36:29.606  INFO 12616 --- [main] BackyardcodersSpringReactApplication     : Admin already available
2021-05-28 13:36:29.658  WARN 12616 --- [main] JpaBaseConfiguration$JpaWebConfiguration : spring.jpa.open-in-view is enabled by default. Therefore, database queries may be performed during view rendering. Explicitly configure spring.jpa.open-in-view to disable this warning
2021-05-28 13:36:29.758  INFO 12616 --- [main] o.s.s.concurrent.ThreadPoolTaskExecutor  : Initializing ExecutorService 'applicationTaskExecutor'
2021-05-28 13:36:29.887  INFO 12616 --- [main] o.s.b.a.w.s.WelcomePageHandlerMapping    : Adding welcome page template: index
2021-05-28 13:36:30.176  INFO 12616 --- [main] o.s.b.w.embedded.tomcat.TomcatWebServer  : Tomcat started on port(s): 8080 (http) with context path ''
2021-05-28 13:36:30.194  INFO 12616 --- [main] c.b.BackyardcodersSpringReactApplication : Started BackyardcodersSpringReactApplication in 5.124 seconds (JVM running for 6.228)
2021-05-28 13:36:43.600  INFO 12616 --- [http-nio-8080-exec-1] o.a.c.c.C.[Tomcat].[localhost].[/]       : Initializing Spring DispatcherServlet 'dispatcherServlet'
2021-05-28 13:36:43.601  INFO 12616 --- [http-nio-8080-exec-1] o.s.web.servlet.DispatcherServlet        : Initializing Servlet 'dispatcherServlet'
2021-05-28 13:36:43.602  INFO 12616 --- [http-nio-8080-exec-1] o.s.web.servlet.DispatcherServlet        : Completed initialization in 1 ms
2021-05-28 13:36:43.799  INFO 12616 --- [http-nio-8080-exec-1] VerificationClass                        : User found
2021-05-28 13:36:43.799  INFO 12616 --- [http-nio-8080-exec-1] UserCrudService                          : Login Successfull
2021-05-28 13:36:43.908  INFO 12616 --- [http-nio-8080-exec-2] UserCrudService                          : User found
2021-05-28 13:36:45.524  INFO 12616 --- [http-nio-8080-exec-3] UserCrudService                          : List of user found
2021-05-28 13:37:26.053  INFO 12616 --- [http-nio-8080-exec-9] UserCrudService                          : List of user found
2021-05-28 13:37:36.817  INFO 12616 --- [http-nio-8080-exec-3] ReservationCrudService                   : Reservations found
2021-05-28 13:37:41.611  INFO 12616 --- [http-nio-8080-exec-2] VerificationClass                        : User found
2021-05-28 13:37:41.612  INFO 12616 --- [http-nio-8080-exec-2] UserCrudService                          : Login Successfull
2021-05-28 13:37:41.676  INFO 12616 --- [http-nio-8080-exec-1] UserCrudService                          : User found
2021-05-28 13:37:43.163  INFO 12616 --- [http-nio-8080-exec-8] UserCrudService                          : List of user found
2021-05-28 13:37:51.202  INFO 12616 --- [http-nio-8080-exec-3] UserCrudService                          : User has been deleted
2021-05-28 13:37:51.227  INFO 12616 --- [http-nio-8080-exec-2] UserCrudService                          : List of user found
2021-05-28 13:38:35.823  INFO 12616 --- [http-nio-8080-exec-9] VerificationClass                        : Useremail is unique
2021-05-28 13:38:35.849  INFO 12616 --- [http-nio-8080-exec-9] AccountRequestCrudService                : Accountrequest created
2021-05-28 13:39:26.288  INFO 12616 --- [http-nio-8080-exec-6] VerificationClass                        : Useremail is unique
2021-05-28 13:39:26.290  INFO 12616 --- [http-nio-8080-exec-6] AccountRequestCrudService                : Accountrequest created
2021-05-28 13:40:18.679  INFO 12616 --- [http-nio-8080-exec-4] VerificationClass                        : Useremail is unique
2021-05-28 13:40:18.682  INFO 12616 --- [http-nio-8080-exec-4] AccountRequestCrudService                : Accountrequest created
2021-05-28 13:40:54.314  INFO 12616 --- [http-nio-8080-exec-3] VerificationClass                        : Useremail is unique
2021-05-28 13:40:54.319  INFO 12616 --- [http-nio-8080-exec-3] AccountRequestCrudService                : Accountrequest created
2021-05-28 13:41:49.064  INFO 12616 --- [http-nio-8080-exec-2] VerificationClass                        : Useremail is unique
2021-05-28 13:41:49.067  INFO 12616 --- [http-nio-8080-exec-2] AccountRequestCrudService                : Accountrequest created
2021-05-28 13:42:27.536  INFO 12616 --- [http-nio-8080-exec-8] VerificationClass                        : Useremail is unique
2021-05-28 13:42:27.539  INFO 12616 --- [http-nio-8080-exec-8] AccountRequestCrudService                : Accountrequest created
2021-05-28 13:42:56.196  INFO 12616 --- [http-nio-8080-exec-1] VerificationClass                        : Useremail is unique
2021-05-28 13:42:56.199  INFO 12616 --- [http-nio-8080-exec-1] AccountRequestCrudService                : Accountrequest created
2021-05-28 13:43:08.148  INFO 12616 --- [http-nio-8080-exec-5] VerificationClass                        : User found
2021-05-28 13:43:08.149  INFO 12616 --- [http-nio-8080-exec-5] UserCrudService                          : Login Successfull
2021-05-28 13:43:08.169  INFO 12616 --- [http-nio-8080-exec-9] UserCrudService                          : User found
2021-05-28 13:43:10.973  INFO 12616 --- [http-nio-8080-exec-7] UserCrudService                          : List of user found
2021-05-28 13:43:13.377  INFO 12616 --- [http-nio-8080-exec-10] AccountRequestCrudService                : Accountrequests found
2021-05-28 13:43:20.507  INFO 12616 --- [http-nio-8080-exec-6] UserCrudService                          : User created
2021-05-28 13:43:20.513  INFO 12616 --- [http-nio-8080-exec-6] UserCrudService                          : Accountrequest deleted
2021-05-28 13:43:20.531  INFO 12616 --- [http-nio-8080-exec-4] AccountRequestCrudService                : Accountrequests found
2021-05-28 13:43:25.363  INFO 12616 --- [http-nio-8080-exec-3] UserCrudService                          : User created
2021-05-28 13:43:25.369  INFO 12616 --- [http-nio-8080-exec-3] UserCrudService                          : Accountrequest deleted
2021-05-28 13:43:25.433  INFO 12616 --- [http-nio-8080-exec-2] AccountRequestCrudService                : Accountrequests found
2021-05-28 13:43:29.488  INFO 12616 --- [http-nio-8080-exec-8] UserCrudService                          : User created
2021-05-28 13:43:29.493  INFO 12616 --- [http-nio-8080-exec-8] UserCrudService                          : Accountrequest deleted
2021-05-28 13:43:29.513  INFO 12616 --- [http-nio-8080-exec-1] AccountRequestCrudService                : Accountrequests found
2021-05-28 13:43:37.016  INFO 12616 --- [http-nio-8080-exec-5] UserCrudService                          : List of user found
2021-05-28 13:44:06.088  INFO 12616 --- [http-nio-8080-exec-9] ReservationCrudService                   : Reservations found
2021-05-28 13:44:06.089  INFO 12616 --- [http-nio-8080-exec-7] ReservationCrudService                   : Reservations found
2021-05-28 13:44:06.241  INFO 12616 --- [http-nio-8080-exec-6] ReservationCrudService                   : Reservations found
2021-05-28 13:44:06.241  INFO 12616 --- [http-nio-8080-exec-10] ReservationCrudService                   : Reservations found
2021-05-28 13:44:07.317  INFO 12616 --- [http-nio-8080-exec-4] ReservationCrudService                   : Reservations found
2021-05-28 13:44:07.317  INFO 12616 --- [http-nio-8080-exec-3] ReservationCrudService                   : Reservations found
2021-05-28 13:44:07.526  INFO 12616 --- [http-nio-8080-exec-2] ReservationCrudService                   : Reservations found
2021-05-28 13:44:07.531  INFO 12616 --- [http-nio-8080-exec-8] ReservationCrudService                   : Reservations found
2021-05-28 13:44:07.720  INFO 12616 --- [http-nio-8080-exec-5] ReservationCrudService                   : Reservations found
2021-05-28 13:44:07.720  INFO 12616 --- [http-nio-8080-exec-1] ReservationCrudService                   : Reservations found
2021-05-28 13:44:08.798  INFO 12616 --- [http-nio-8080-exec-7] ReservationCrudService                   : Reservations found
2021-05-28 13:44:08.798  INFO 12616 --- [http-nio-8080-exec-9] ReservationCrudService                   : Reservations found
2021-05-28 13:44:09.985  INFO 12616 --- [http-nio-8080-exec-6] ReservationCrudService                   : Reservations found
2021-05-28 13:44:09.987  INFO 12616 --- [http-nio-8080-exec-10] ReservationCrudService                   : Reservations found
2021-05-28 13:44:11.365  INFO 12616 --- [http-nio-8080-exec-4] ReservationCrudService                   : Reservations found
2021-05-28 13:44:11.365  INFO 12616 --- [http-nio-8080-exec-3] ReservationCrudService                   : Reservations found
2021-05-28 13:44:20.698  INFO 12616 --- [http-nio-8080-exec-2] ReservationCrudService                   : Reservations found
2021-05-28 13:44:20.702  INFO 12616 --- [http-nio-8080-exec-8] ReservationCrudService                   : Reservations found
2021-05-28 13:44:21.101  INFO 12616 --- [http-nio-8080-exec-1] ReservationCrudService                   : Reservations found
2021-05-28 13:44:21.101  INFO 12616 --- [http-nio-8080-exec-5] ReservationCrudService                   : Reservations found
2021-05-28 13:44:21.478  INFO 12616 --- [http-nio-8080-exec-7] ReservationCrudService                   : Reservations found
2021-05-28 13:44:21.478  INFO 12616 --- [http-nio-8080-exec-9] ReservationCrudService                   : Reservations found
2021-05-28 13:44:21.879  INFO 12616 --- [http-nio-8080-exec-10] ReservationCrudService                   : Reservations found
2021-05-28 13:44:21.879  INFO 12616 --- [http-nio-8080-exec-6] ReservationCrudService                   : Reservations found
2021-05-28 13:44:22.278  INFO 12616 --- [http-nio-8080-exec-3] ReservationCrudService                   : Reservations found
2021-05-28 13:44:22.285  INFO 12616 --- [http-nio-8080-exec-4] ReservationCrudService                   : Reservations found
2021-05-28 13:44:23.023  INFO 12616 --- [http-nio-8080-exec-8] ReservationCrudService                   : Reservations found
2021-05-28 13:44:23.023  INFO 12616 --- [http-nio-8080-exec-2] ReservationCrudService                   : Reservations found
2021-05-28 13:44:23.435  INFO 12616 --- [http-nio-8080-exec-5] ReservationCrudService                   : Reservations found
2021-05-28 13:44:23.435  INFO 12616 --- [http-nio-8080-exec-1] ReservationCrudService                   : Reservations found
2021-05-28 13:44:23.674  INFO 12616 --- [http-nio-8080-exec-9] ReservationCrudService                   : Reservations found
2021-05-28 13:44:23.674  INFO 12616 --- [http-nio-8080-exec-7] ReservationCrudService                   : Reservations found
2021-05-28 13:44:23.893  INFO 12616 --- [http-nio-8080-exec-10] ReservationCrudService                   : Reservations found
2021-05-28 13:44:23.894  INFO 12616 --- [http-nio-8080-exec-6] ReservationCrudService                   : Reservations found
2021-05-28 13:44:24.327  INFO 12616 --- [http-nio-8080-exec-3] ReservationCrudService                   : Reservations found
2021-05-28 13:44:24.327  INFO 12616 --- [http-nio-8080-exec-4] ReservationCrudService                   : Reservations found
2021-05-28 13:44:25.585  INFO 12616 --- [http-nio-8080-exec-8] ReservationCrudService                   : Reservations found
2021-05-28 13:44:25.585  INFO 12616 --- [http-nio-8080-exec-2] ReservationCrudService                   : Reservations found
2021-05-28 13:44:40.473  INFO 12616 --- [http-nio-8080-exec-5] ReservationCrudService                   : Reservations found
2021-05-28 13:44:40.473  INFO 12616 --- [http-nio-8080-exec-1] ReservationCrudService                   : Reservations found
2021-05-28 13:44:41.757  INFO 12616 --- [http-nio-8080-exec-7] ReservationCrudService                   : Reservations found
2021-05-28 13:44:41.757  INFO 12616 --- [http-nio-8080-exec-9] ReservationCrudService                   : Reservations found
2021-05-28 13:44:42.156  INFO 12616 --- [http-nio-8080-exec-6] ReservationCrudService                   : Reservations found
2021-05-28 13:44:42.156  INFO 12616 --- [http-nio-8080-exec-10] ReservationCrudService                   : Reservations found
2021-05-28 13:44:42.530  INFO 12616 --- [http-nio-8080-exec-3] ReservationCrudService                   : Reservations found
2021-05-28 13:44:42.530  INFO 12616 --- [http-nio-8080-exec-4] ReservationCrudService                   : Reservations found
2021-05-28 13:44:42.916  INFO 12616 --- [http-nio-8080-exec-8] ReservationCrudService                   : Reservations found
2021-05-28 13:44:42.916  INFO 12616 --- [http-nio-8080-exec-2] ReservationCrudService                   : Reservations found
2021-05-28 13:44:43.227  INFO 12616 --- [http-nio-8080-exec-1] ReservationCrudService                   : Reservations found
2021-05-28 13:44:43.227  INFO 12616 --- [http-nio-8080-exec-5] ReservationCrudService                   : Reservations found
2021-05-28 13:44:44.213  INFO 12616 --- [http-nio-8080-exec-7] ReservationCrudService                   : Reservations found
2021-05-28 13:44:44.213  INFO 12616 --- [http-nio-8080-exec-9] ReservationCrudService                   : Reservations found
2021-05-28 13:44:44.560  INFO 12616 --- [http-nio-8080-exec-6] ReservationCrudService                   : Reservations found
2021-05-28 13:44:44.560  INFO 12616 --- [http-nio-8080-exec-10] ReservationCrudService                   : Reservations found
2021-05-28 13:44:44.914  INFO 12616 --- [http-nio-8080-exec-4] ReservationCrudService                   : Reservations found
2021-05-28 13:44:44.914  INFO 12616 --- [http-nio-8080-exec-3] ReservationCrudService                   : Reservations found
2021-05-28 13:44:45.664  INFO 12616 --- [http-nio-8080-exec-8] ReservationCrudService                   : Reservations found
2021-05-28 13:44:45.664  INFO 12616 --- [http-nio-8080-exec-2] ReservationCrudService                   : Reservations found
2021-05-28 13:44:46.000  INFO 12616 --- [http-nio-8080-exec-5] ReservationCrudService                   : Reservations found
2021-05-28 13:44:46.000  INFO 12616 --- [http-nio-8080-exec-1] ReservationCrudService                   : Reservations found
2021-05-28 13:44:46.285  INFO 12616 --- [http-nio-8080-exec-9] ReservationCrudService                   : Reservations found
2021-05-28 13:44:46.285  INFO 12616 --- [http-nio-8080-exec-7] ReservationCrudService                   : Reservations found
2021-05-28 13:44:47.617  INFO 12616 --- [http-nio-8080-exec-10] ReservationCrudService                   : Reservations found
2021-05-28 13:44:47.624  INFO 12616 --- [http-nio-8080-exec-6] ReservationCrudService                   : Reservations found
2021-05-28 13:44:48.735  INFO 12616 --- [http-nio-8080-exec-4] ReservationCrudService                   : Reservations found
2021-05-28 13:44:48.735  INFO 12616 --- [http-nio-8080-exec-3] ReservationCrudService                   : Reservations found
2021-05-28 13:45:41.216  INFO 12616 --- [http-nio-8080-exec-8] VerificationClass                        : Useremail is unique
2021-05-28 13:45:41.219  INFO 12616 --- [http-nio-8080-exec-8] AccountRequestCrudService                : Accountrequest created
2021-05-28 13:46:25.511  INFO 12616 --- [http-nio-8080-exec-5] VerificationClass                        : Useremail is unique
2021-05-28 13:46:25.514  INFO 12616 --- [http-nio-8080-exec-5] AccountRequestCrudService                : Accountrequest created
2021-05-28 13:47:01.575  INFO 12616 --- [http-nio-8080-exec-1] VerificationClass                        : Useremail is unique
2021-05-28 13:47:01.578  INFO 12616 --- [http-nio-8080-exec-1] AccountRequestCrudService                : Accountrequest created
2021-05-28 13:47:52.289  INFO 12616 --- [http-nio-8080-exec-9] VerificationClass                        : Useremail is unique
2021-05-28 13:47:52.291  INFO 12616 --- [http-nio-8080-exec-9] AccountRequestCrudService                : Accountrequest created
2021-05-28 13:48:03.554  INFO 12616 --- [http-nio-8080-exec-7] VerificationClass                        : User found
2021-05-28 13:48:03.555  INFO 12616 --- [http-nio-8080-exec-7] UserCrudService                          : Login Successfull
2021-05-28 13:48:03.575  INFO 12616 --- [http-nio-8080-exec-10] UserCrudService                          : User found
2021-05-28 13:48:06.045  INFO 12616 --- [http-nio-8080-exec-6] AccountRequestCrudService                : Accountrequests found
2021-05-28 13:48:12.354  INFO 12616 --- [http-nio-8080-exec-4] UserCrudService                          : User created
2021-05-28 13:48:12.357  INFO 12616 --- [http-nio-8080-exec-4] UserCrudService                          : Accountrequest deleted
2021-05-28 13:48:12.421  INFO 12616 --- [http-nio-8080-exec-3] AccountRequestCrudService                : Accountrequests found
2021-05-28 13:48:19.689  INFO 12616 --- [http-nio-8080-exec-8] UserCrudService                          : List of user found
2021-05-28 13:48:24.238  INFO 12616 --- [http-nio-8080-exec-2] AccountRequestCrudService                : Accountrequests found
2021-05-28 13:49:17.009  INFO 12616 --- [http-nio-8080-exec-5] VerificationClass                        : Useremail is unique
2021-05-28 13:49:17.012  INFO 12616 --- [http-nio-8080-exec-5] AccountRequestCrudService                : Accountrequest created
2021-05-28 13:49:30.297  INFO 12616 --- [http-nio-8080-exec-1] VerificationClass                        : User found
2021-05-28 13:49:30.297  INFO 12616 --- [http-nio-8080-exec-1] UserCrudService                          : Login Successfull
2021-05-28 13:49:30.317  INFO 12616 --- [http-nio-8080-exec-9] UserCrudService                          : User found
2021-05-28 13:49:46.573  INFO 12616 --- [http-nio-8080-exec-7] AccountRequestCrudService                : Accountrequests found
2021-05-28 13:50:24.052  INFO 12616 --- [http-nio-8080-exec-4] AccountRequestCrudService                : Accountrequests found
2021-05-28 13:50:46.202  INFO 12616 --- [http-nio-8080-exec-3] ReservationCrudService                   : Reservations found
2021-05-28 13:50:46.202  INFO 12616 --- [http-nio-8080-exec-8] ReservationCrudService                   : Reservations found
2021-05-28 13:50:47.048  INFO 12616 --- [http-nio-8080-exec-2] ReservationCrudService                   : Reservations found
2021-05-28 13:50:47.051  INFO 12616 --- [http-nio-8080-exec-5] ReservationCrudService                   : Reservations found
2021-05-28 14:05:10.279  INFO 12616 --- [http-nio-8080-exec-4] AccountRequestCrudService                : Accountrequests found
2021-05-28 14:12:10.842  INFO 12616 --- [RMI TCP Connection(2)-127.0.0.1] inMXBeanRegistrar$SpringApplicationAdmin : Application shutdown requested.
2021-05-28 14:12:10.918  INFO 12616 --- [RMI TCP Connection(2)-127.0.0.1] o.s.s.concurrent.ThreadPoolTaskExecutor  : Shutting down ExecutorService 'applicationTaskExecutor'
2021-05-28 14:12:10.920  INFO 12616 --- [RMI TCP Connection(2)-127.0.0.1] j.LocalContainerEntityManagerFactoryBean : Closing JPA EntityManagerFactory for persistence unit 'default'
2021-05-28 14:12:10.926  INFO 12616 --- [RMI TCP Connection(2)-127.0.0.1] com.zaxxer.hikari.HikariDataSource       : HikariPool-1 - Shutdown initiated...
2021-05-28 14:12:10.932  INFO 12616 --- [RMI TCP Connection(2)-127.0.0.1] com.zaxxer.hikari.HikariDataSource       : HikariPool-1 - Shutdown completed.
